#
# There is insufficient memory for the Java Runtime Environment to continue.
# Native memory allocation (mmap) failed to map 122683392 bytes for committing reserved memory.
# Possible reasons:
#   The system is out of physical RAM or swap space
#   In 32 bit mode, the process size limit was hit
# Possible solutions:
#   Reduce memory load on the system
#   Increase physical memory or swap space
#   Check if swap backing store is full
#   Use 64 bit Java on a 64 bit OS
#   Decrease Java heap size (-Xmx/-Xms)
#   Decrease number of Java threads
#   Decrease Java thread stack sizes (-Xss)
#   Set larger code cache with -XX:ReservedCodeCacheSize=
# This output file may be truncated or incomplete.
#
#  Out of Memory Error (os_linux.cpp:2627), pid=26512, tid=140348866123520
#
# JRE version: Java(TM) SE Runtime Environment (8.0_91-b14) (build 1.8.0_91-b14)
# Java VM: Java HotSpot(TM) 64-Bit Server VM (25.91-b14 mixed mode linux-amd64 compressed oops)
# Failed to write core dump. Core dumps have been disabled. To enable core dumping, try "ulimit -c unlimited" before starting Java again
#

---------------  T H R E A D  ---------------

Current thread (0x00007fa580073800):  VMThread [stack: 0x00007fa5843f5000,0x00007fa5844f6000] [id=26520]

Stack: [0x00007fa5843f5000,0x00007fa5844f6000],  sp=0x00007fa5844f4220,  free space=1020k
Native frames: (J=compiled Java code, j=interpreted, Vv=VM code, C=native code)
V  [libjvm.so+0xabc18a]  VMError::report_and_die()+0x2ba
V  [libjvm.so+0x4fafeb]  report_vm_out_of_memory(char const*, int, unsigned long, VMErrorType, char const*)+0x8b
V  [libjvm.so+0x91cbb3]  os::Linux::commit_memory_impl(char*, unsigned long, bool)+0x103
V  [libjvm.so+0x91d109]  os::pd_commit_memory(char*, unsigned long, unsigned long, bool)+0x29
V  [libjvm.so+0x91740a]  os::commit_memory(char*, unsigned long, unsigned long, bool)+0x2a
V  [libjvm.so+0x98b033]  PSVirtualSpace::expand_by(unsigned long)+0x53
V  [libjvm.so+0x98c438]  PSYoungGen::resize_generation(unsigned long, unsigned long)+0xf8
V  [libjvm.so+0x98b592]  PSYoungGen::resize(unsigned long, unsigned long)+0x22
V  [libjvm.so+0x98886b]  PSScavenge::invoke_no_policy()+0xf3b
V  [libjvm.so+0x988ff1]  PSScavenge::invoke()+0x41
V  [libjvm.so+0x9408b0]  ParallelScavengeHeap::failed_mem_allocate(unsigned long)+0x70
V  [libjvm.so+0xabdba7]  VM_ParallelGCFailedAllocation::doit()+0x97
V  [libjvm.so+0xac55d5]  VM_Operation::evaluate()+0x55
V  [libjvm.so+0xac39aa]  VMThread::evaluate_operation(VM_Operation*)+0xba
V  [libjvm.so+0xac3d2e]  VMThread::loop()+0x1ce
V  [libjvm.so+0xac41a0]  VMThread::run()+0x70
V  [libjvm.so+0x91ef78]  java_start(Thread*)+0x108

VM_Operation (0x00007fa569dfbd20): ParallelGCFailedAllocation, mode: safepoint, requested by thread 0x00007fa580148000


---------------  P R O C E S S  ---------------

Java Threads: ( => current thread )
  0x00007fa58014b000 JavaThread "pool-2-thread-4" [_thread_blocked, id=26533, stack(0x00007fa569afb000,0x00007fa569bfc000)]
  0x00007fa580149000 JavaThread "pool-2-thread-3" [_thread_blocked, id=26532, stack(0x00007fa569bfc000,0x00007fa569cfd000)]
  0x00007fa580148000 JavaThread "pool-2-thread-2" [_thread_blocked, id=26531, stack(0x00007fa569cfd000,0x00007fa569dfe000)]
  0x00007fa58013f000 JavaThread "pool-3-thread-1" [_thread_blocked, id=26530, stack(0x00007fa569dfe000,0x00007fa569eff000)]
  0x00007fa580139800 JavaThread "pool-2-thread-1" [_thread_blocked, id=26529, stack(0x00007fa569eff000,0x00007fa56a000000)]
  0x00007fa5800cd000 JavaThread "Service Thread" daemon [_thread_blocked, id=26527, stack(0x00007fa5701c0000,0x00007fa5702c1000)]
  0x00007fa5800b8000 JavaThread "C1 CompilerThread1" daemon [_thread_blocked, id=26526, stack(0x00007fa5702c1000,0x00007fa5703c2000)]
  0x00007fa5800b5000 JavaThread "C2 CompilerThread0" daemon [_thread_blocked, id=26525, stack(0x00007fa5703c2000,0x00007fa5704c3000)]
  0x00007fa5800b3800 JavaThread "Signal Dispatcher" daemon [_thread_blocked, id=26524, stack(0x00007fa5840f2000,0x00007fa5841f3000)]
  0x00007fa580080000 JavaThread "Finalizer" daemon [_thread_blocked, id=26522, stack(0x00007fa5841f3000,0x00007fa5842f4000)]
  0x00007fa58007b800 JavaThread "Reference Handler" daemon [_thread_blocked, id=26521, stack(0x00007fa5842f4000,0x00007fa5843f5000)]
  0x00007fa58000a000 JavaThread "main" [_thread_blocked, id=26517, stack(0x00007fa589267000,0x00007fa589368000)]

Other Threads:
=>0x00007fa580073800 VMThread [stack: 0x00007fa5843f5000,0x00007fa5844f6000] [id=26520]
  0x00007fa5800d8000 WatcherThread [stack: 0x00007fa5700bf000,0x00007fa5701c0000] [id=26528]

VM state:at safepoint (normal execution)

VM Mutex/Monitor currently owned by a thread:  ([mutex/lock_event])
[0x00007fa5800064b0] Threads_lock - owner thread: 0x00007fa580073800
[0x00007fa5800069b0] Heap_lock - owner thread: 0x00007fa580148000

Heap:
 PSYoungGen      total 66560K, used 5102K [0x00000000eab00000, 0x00000000ef100000, 0x0000000100000000)
  eden space 61440K, 0% used [0x00000000eab00000,0x00000000eab00000,0x00000000ee700000)
  from space 5120K, 99% used [0x00000000ee700000,0x00000000eebfbb08,0x00000000eec00000)
  to   space 5120K, 0% used [0x00000000eec00000,0x00000000eec00000,0x00000000ef100000)
 ParOldGen       total 81920K, used 69745K [0x00000000c0000000, 0x00000000c5000000, 0x00000000eab00000)
  object space 81920K, 85% used [0x00000000c0000000,0x00000000c441c758,0x00000000c5000000)
 Metaspace       used 5730K, capacity 6896K, committed 7040K, reserved 1056768K
  class space    used 571K, capacity 616K, committed 640K, reserved 1048576K

Card table byte_map: [0x00007fa585e16000,0x00007fa586017000] byte_map_base: 0x00007fa585816000

Marking Bits: (ParMarkBitMap*) 0x00007fa588734d60
 Begin Bits: [0x00007fa56a000000, 0x00007fa56b000000)
 End Bits:   [0x00007fa56b000000, 0x00007fa56c000000)

Polling page: 0x00007fa589383000

CodeCache: size=245760Kb used=4720Kb max_used=4722Kb free=241039Kb
 bounds [0x00007fa571000000, 0x00007fa5714a0000, 0x00007fa580000000]
 total_blobs=1490 nmethods=1230 adapters=175
 compilation: enabled

Compilation events (10 events):
Event: 7,635 Thread 0x00007fa5800b8000 nmethod 1387 0x00007fa57149a590 code [0x00007fa57149a700, 0x00007fa57149a948]
Event: 7,635 Thread 0x00007fa5800b8000 1380       2       java.util.TreeMap$Values::iterator (19 bytes)
Event: 7,636 Thread 0x00007fa5800b8000 nmethod 1380 0x00007fa57149a050 code [0x00007fa57149a1c0, 0x00007fa57149a430]
Event: 7,636 Thread 0x00007fa5800b8000 1381       2       java.util.TreeMap$ValueIterator::<init> (12 bytes)
Event: 7,636 Thread 0x00007fa5800b8000 nmethod 1381 0x00007fa571499c90 code [0x00007fa571499de0, 0x00007fa571499f90]
Event: 7,641 Thread 0x00007fa5800b5000 nmethod 1003 0x00007fa57149f8d0 code [0x00007fa57149fa20, 0x00007fa57149fcf8]
Event: 7,641 Thread 0x00007fa5800b5000 1014  s    4       java.util.Vector::add (39 bytes)
Event: 7,658 Thread 0x00007fa5800b8000 1389       2       com.android.dx.rop.code.Rops::opNewArray (124 bytes)
Event: 7,660 Thread 0x00007fa5800b8000 nmethod 1389 0x00007fa57149ecd0 code [0x00007fa57149eec0, 0x00007fa57149f4e8]
Event: 7,662 Thread 0x00007fa5800b8000 1391 %     3       com.android.dx.cf.code.Ropper::getRopMethod @ 19 (64 bytes)

GC Heap History (9 events):
Event: 5,287 GC heap before
{Heap before GC invocations=1 (full 0):
 PSYoungGen      total 35840K, used 30720K [0x00000000eab00000, 0x00000000ed300000, 0x0000000100000000)
  eden space 30720K, 100% used [0x00000000eab00000,0x00000000ec900000,0x00000000ec900000)
  from space 5120K, 0% used [0x00000000ece00000,0x00000000ece00000,0x00000000ed300000)
  to   space 5120K, 0% used [0x00000000ec900000,0x00000000ec900000,0x00000000ece00000)
 ParOldGen       total 81920K, used 0K [0x00000000c0000000, 0x00000000c5000000, 0x00000000eab00000)
  object space 81920K, 0% used [0x00000000c0000000,0x00000000c0000000,0x00000000c5000000)
 Metaspace       used 5489K, capacity 6704K, committed 6784K, reserved 1056768K
  class space    used 568K, capacity 616K, committed 640K, reserved 1048576K
Event: 5,306 GC heap after
Heap after GC invocations=1 (full 0):
 PSYoungGen      total 35840K, used 5115K [0x00000000eab00000, 0x00000000ed300000, 0x0000000100000000)
  eden space 30720K, 0% used [0x00000000eab00000,0x00000000eab00000,0x00000000ec900000)
  from space 5120K, 99% used [0x00000000ec900000,0x00000000ecdfec38,0x00000000ece00000)
  to   space 5120K, 0% used [0x00000000ece00000,0x00000000ece00000,0x00000000ed300000)
 ParOldGen       total 81920K, used 2422K [0x00000000c0000000, 0x00000000c5000000, 0x00000000eab00000)
  object space 81920K, 2% used [0x00000000c0000000,0x00000000c025d998,0x00000000c5000000)
 Metaspace       used 5489K, capacity 6704K, committed 6784K, reserved 1056768K
  class space    used 568K, capacity 616K, committed 640K, reserved 1048576K
}
Event: 5,865 GC heap before
{Heap before GC invocations=2 (full 0):
 PSYoungGen      total 35840K, used 35835K [0x00000000eab00000, 0x00000000ed300000, 0x0000000100000000)
  eden space 30720K, 100% used [0x00000000eab00000,0x00000000ec900000,0x00000000ec900000)
  from space 5120K, 99% used [0x00000000ec900000,0x00000000ecdfec38,0x00000000ece00000)
  to   space 5120K, 0% used [0x00000000ece00000,0x00000000ece00000,0x00000000ed300000)
 ParOldGen       total 81920K, used 2422K [0x00000000c0000000, 0x00000000c5000000, 0x00000000eab00000)
  object space 81920K, 2% used [0x00000000c0000000,0x00000000c025d998,0x00000000c5000000)
 Metaspace       used 5556K, capacity 6768K, committed 7040K, reserved 1056768K
  class space    used 570K, capacity 616K, committed 640K, reserved 1048576K
Event: 5,938 GC heap after
Heap after GC invocations=2 (full 0):
 PSYoungGen      total 35840K, used 5106K [0x00000000eab00000, 0x00000000ef100000, 0x0000000100000000)
  eden space 30720K, 0% used [0x00000000eab00000,0x00000000eab00000,0x00000000ec900000)
  from space 5120K, 99% used [0x00000000ece00000,0x00000000ed2fc8f8,0x00000000ed300000)
  to   space 5120K, 0% used [0x00000000ec900000,0x00000000ec900000,0x00000000ece00000)
 ParOldGen       total 81920K, used 16697K [0x00000000c0000000, 0x00000000c5000000, 0x00000000eab00000)
  object space 81920K, 20% used [0x00000000c0000000,0x00000000c104e650,0x00000000c5000000)
 Metaspace       used 5556K, capacity 6768K, committed 7040K, reserved 1056768K
  class space    used 570K, capacity 616K, committed 640K, reserved 1048576K
}
Event: 6,215 GC heap before
{Heap before GC invocations=3 (full 0):
 PSYoungGen      total 35840K, used 35826K [0x00000000eab00000, 0x00000000ef100000, 0x0000000100000000)
  eden space 30720K, 100% used [0x00000000eab00000,0x00000000ec900000,0x00000000ec900000)
  from space 5120K, 99% used [0x00000000ece00000,0x00000000ed2fc8f8,0x00000000ed300000)
  to   space 5120K, 0% used [0x00000000ec900000,0x00000000ec900000,0x00000000ece00000)
 ParOldGen       total 81920K, used 16697K [0x00000000c0000000, 0x00000000c5000000, 0x00000000eab00000)
  object space 81920K, 20% used [0x00000000c0000000,0x00000000c104e650,0x00000000c5000000)
 Metaspace       used 5574K, capacity 6768K, committed 7040K, reserved 1056768K
  class space    used 571K, capacity 616K, committed 640K, reserved 1048576K
Event: 6,252 GC heap after
Heap after GC invocations=3 (full 0):
 PSYoungGen      total 35840K, used 5090K [0x00000000eab00000, 0x00000000ef100000, 0x0000000100000000)
  eden space 30720K, 0% used [0x00000000eab00000,0x00000000eab00000,0x00000000ec900000)
  from space 5120K, 99% used [0x00000000ec900000,0x00000000ecdf8908,0x00000000ece00000)
  to   space 5120K, 0% used [0x00000000eec00000,0x00000000eec00000,0x00000000ef100000)
 ParOldGen       total 81920K, used 29049K [0x00000000c0000000, 0x00000000c5000000, 0x00000000eab00000)
  object space 81920K, 35% used [0x00000000c0000000,0x00000000c1c5e5d8,0x00000000c5000000)
 Metaspace       used 5574K, capacity 6768K, committed 7040K, reserved 1056768K
  class space    used 571K, capacity 616K, committed 640K, reserved 1048576K
}
Event: 6,632 GC heap before
{Heap before GC invocations=4 (full 0):
 PSYoungGen      total 35840K, used 35810K [0x00000000eab00000, 0x00000000ef100000, 0x0000000100000000)
  eden space 30720K, 100% used [0x00000000eab00000,0x00000000ec900000,0x00000000ec900000)
  from space 5120K, 99% used [0x00000000ec900000,0x00000000ecdf8908,0x00000000ece00000)
  to   space 5120K, 0% used [0x00000000eec00000,0x00000000eec00000,0x00000000ef100000)
 ParOldGen       total 81920K, used 29049K [0x00000000c0000000, 0x00000000c5000000, 0x00000000eab00000)
  object space 81920K, 35% used [0x00000000c0000000,0x00000000c1c5e5d8,0x00000000c5000000)
 Metaspace       used 5599K, capacity 6768K, committed 7040K, reserved 1056768K
  class space    used 571K, capacity 616K, committed 640K, reserved 1048576K
Event: 6,746 GC heap after
Heap after GC invocations=4 (full 0):
 PSYoungGen      total 66560K, used 5090K [0x00000000eab00000, 0x00000000ef100000, 0x0000000100000000)
  eden space 61440K, 0% used [0x00000000eab00000,0x00000000eab00000,0x00000000ee700000)
  from space 5120K, 99% used [0x00000000eec00000,0x00000000ef0f88e8,0x00000000ef100000)
  to   space 5120K, 0% used [0x00000000ee700000,0x00000000ee700000,0x00000000eec00000)
 ParOldGen       total 81920K, used 39742K [0x00000000c0000000, 0x00000000c5000000, 0x00000000eab00000)
  object space 81920K, 48% used [0x00000000c0000000,0x00000000c26cfa98,0x00000000c5000000)
 Metaspace       used 5599K, capacity 6768K, committed 7040K, reserved 1056768K
  class space    used 571K, capacity 616K, committed 640K, reserved 1048576K
}
Event: 7,663 GC heap before
{Heap before GC invocations=5 (full 0):
 PSYoungGen      total 66560K, used 66530K [0x00000000eab00000, 0x00000000ef100000, 0x0000000100000000)
  eden space 61440K, 100% used [0x00000000eab00000,0x00000000ee700000,0x00000000ee700000)
  from space 5120K, 99% used [0x00000000eec00000,0x00000000ef0f88e8,0x00000000ef100000)
  to   space 5120K, 0% used [0x00000000ee700000,0x00000000ee700000,0x00000000eec00000)
 ParOldGen       total 81920K, used 39742K [0x00000000c0000000, 0x00000000c5000000, 0x00000000eab00000)
  object space 81920K, 48% used [0x00000000c0000000,0x00000000c26cfa98,0x00000000c5000000)
 Metaspace       used 5730K, capacity 6896K, committed 7040K, reserved 1056768K
  class space    used 571K, capacity 616K, committed 640K, reserved 1048576K

Deoptimization events (9 events):
Event: 4,021 Thread 0x00007fa58000a000 Uncommon trap: reason=unstable_if action=reinterpret pc=0x00007fa57113d044 method=java.lang.String.indexOf(II)I @ 49
Event: 4,348 Thread 0x00007fa58000a000 Uncommon trap: reason=unstable_if action=reinterpret pc=0x00007fa5711aade4 method=java.util.HashMap.getNode(ILjava/lang/Object;)Ljava/util/HashMap$Node; @ 62
Event: 4,721 Thread 0x00007fa58000a000 Uncommon trap: reason=unstable_if action=reinterpret pc=0x00007fa57118f524 method=java.lang.String.<init>([CII)V @ 18
Event: 5,090 Thread 0x00007fa58000a000 Uncommon trap: reason=null_check action=make_not_entrant pc=0x00007fa5712615ac method=com.android.dx.ssa.SsaRenamer.getLocalForNewReg(I)Lcom/android/dx/rop/code/LocalItem; @ 19
Event: 6,518 Thread 0x00007fa58000a000 Uncommon trap: reason=class_check action=maybe_recompile pc=0x00007fa57131f100 method=com.android.dx.ssa.NormalSsaInsn.accept(Lcom/android/dx/ssa/SsaInsn$Visitor;)V @ 9
Event: 6,518 Thread 0x00007fa58000a000 Uncommon trap: reason=class_check action=maybe_recompile pc=0x00007fa57131f100 method=com.android.dx.ssa.NormalSsaInsn.accept(Lcom/android/dx/ssa/SsaInsn$Visitor;)V @ 9
Event: 6,520 Thread 0x00007fa580148000 Uncommon trap: reason=class_check action=maybe_recompile pc=0x00007fa57131f100 method=com.android.dx.ssa.NormalSsaInsn.accept(Lcom/android/dx/ssa/SsaInsn$Visitor;)V @ 9
Event: 6,520 Thread 0x00007fa580148000 Uncommon trap: reason=class_check action=maybe_recompile pc=0x00007fa57131f100 method=com.android.dx.ssa.NormalSsaInsn.accept(Lcom/android/dx/ssa/SsaInsn$Visitor;)V @ 9
Event: 6,532 Thread 0x00007fa580148000 Uncommon trap: reason=unstable_if action=reinterpret pc=0x00007fa5711eb6b8 method=java.util.BitSet.ensureCapacity(I)V @ 6

Internal exceptions (3 events):
Event: 1,322 Thread 0x00007fa58000a000 Exception <a 'java/lang/NoSuchMethodError': Method sun.misc.Unsafe.defineClass(Ljava/lang/String;[BII)Ljava/lang/Class; name or signature does not match> (0x00000000eab07cc0) thrown at [/HUDSON/workspace/8-2-build-linux-amd64/jdk8u91/6644/hotspot/src/shar
Event: 1,323 Thread 0x00007fa58000a000 Exception <a 'java/lang/NoSuchMethodError': Method sun.misc.Unsafe.prefetchRead(Ljava/lang/Object;J)V name or signature does not match> (0x00000000eab07fa8) thrown at [/HUDSON/workspace/8-2-build-linux-amd64/jdk8u91/6644/hotspot/src/share/vm/prims/jni.cpp
Event: 5,090 Thread 0x00007fa58000a000 Implicit null exception at 0x00007fa57125f297 to 0x00007fa57126158d

Events (10 events):
Event: 7,477 Thread 0x00007fa580149000 DEOPT PACKING pc=0x00007fa571284659 sp=0x00007fa569cfaf00
Event: 7,477 Thread 0x00007fa580149000 DEOPT UNPACKING pc=0x00007fa571047233 sp=0x00007fa569cfac48 mode 0
Event: 7,514 Thread 0x00007fa58000a000 DEOPT PACKING pc=0x00007fa5711e19b9 sp=0x00007fa589365640
Event: 7,514 Thread 0x00007fa58000a000 DEOPT UNPACKING pc=0x00007fa571047233 sp=0x00007fa589365390 mode 0
Event: 7,574 Thread 0x00007fa58000a000 DEOPT PACKING pc=0x00007fa5711e19b9 sp=0x00007fa589365640
Event: 7,574 Thread 0x00007fa58000a000 DEOPT UNPACKING pc=0x00007fa571047233 sp=0x00007fa589365390 mode 0
Event: 7,587 Thread 0x00007fa58014b000 DEOPT PACKING pc=0x00007fa5714656a1 sp=0x00007fa569bf9f50
Event: 7,587 Thread 0x00007fa58014b000 DEOPT UNPACKING pc=0x00007fa571047233 sp=0x00007fa569bf9d60 mode 0
Event: 7,596 loading class java/util/ArrayList$1
Event: 7,663 Executing VM operation: ParallelGCFailedAllocation


Dynamic libraries:
00400000-00401000 r-xp 00000000 08:06 2239738                            /usr/lib/jvm/java-8-oracle/bin/java
00600000-00601000 rw-p 00000000 08:06 2239738                            /usr/lib/jvm/java-8-oracle/bin/java
00815000-00836000 rw-p 00000000 00:00 0                                  [heap]
c0000000-c5000000 rw-p 00000000 00:00 0 
c5000000-eab00000 ---p 00000000 00:00 0 
eab00000-ef100000 rw-p 00000000 00:00 0 
f6600000-100000000 ---p 00000000 00:00 0 
100000000-1000a0000 rw-p 00000000 00:00 0 
1000a0000-140000000 ---p 00000000 00:00 0 
7fa530000000-7fa530021000 rw-p 00000000 00:00 0 
7fa530021000-7fa534000000 ---p 00000000 00:00 0 
7fa538000000-7fa538021000 rw-p 00000000 00:00 0 
7fa538021000-7fa53c000000 ---p 00000000 00:00 0 
7fa53c000000-7fa53c021000 rw-p 00000000 00:00 0 
7fa53c021000-7fa540000000 ---p 00000000 00:00 0 
7fa540000000-7fa540021000 rw-p 00000000 00:00 0 
7fa540021000-7fa544000000 ---p 00000000 00:00 0 
7fa544000000-7fa544030000 rw-p 00000000 00:00 0 
7fa544030000-7fa548000000 ---p 00000000 00:00 0 
7fa548000000-7fa548731000 rw-p 00000000 00:00 0 
7fa548731000-7fa54c000000 ---p 00000000 00:00 0 
7fa54c000000-7fa54c021000 rw-p 00000000 00:00 0 
7fa54c021000-7fa550000000 ---p 00000000 00:00 0 
7fa550000000-7fa550021000 rw-p 00000000 00:00 0 
7fa550021000-7fa554000000 ---p 00000000 00:00 0 
7fa554000000-7fa554874000 rw-p 00000000 00:00 0 
7fa554874000-7fa558000000 ---p 00000000 00:00 0 
7fa558000000-7fa558021000 rw-p 00000000 00:00 0 
7fa558021000-7fa55c000000 ---p 00000000 00:00 0 
7fa55c000000-7fa55c021000 rw-p 00000000 00:00 0 
7fa55c021000-7fa560000000 ---p 00000000 00:00 0 
7fa560000000-7fa56028d000 rw-p 00000000 00:00 0 
7fa56028d000-7fa564000000 ---p 00000000 00:00 0 
7fa564000000-7fa564021000 rw-p 00000000 00:00 0 
7fa564021000-7fa568000000 ---p 00000000 00:00 0 
7fa569afb000-7fa569afe000 ---p 00000000 00:00 0 
7fa569afe000-7fa569bfc000 rw-p 00000000 00:00 0 
7fa569bfc000-7fa569bff000 ---p 00000000 00:00 0 
7fa569bff000-7fa569cfd000 rw-p 00000000 00:00 0 
7fa569cfd000-7fa569d00000 ---p 00000000 00:00 0 
7fa569d00000-7fa569dfe000 rw-p 00000000 00:00 0 
7fa569dfe000-7fa569e01000 ---p 00000000 00:00 0 
7fa569e01000-7fa569eff000 rw-p 00000000 00:00 0 
7fa569eff000-7fa569f02000 ---p 00000000 00:00 0 
7fa569f02000-7fa56c000000 rw-p 00000000 00:00 0 
7fa56c000000-7fa56c021000 rw-p 00000000 00:00 0 
7fa56c021000-7fa570000000 ---p 00000000 00:00 0 
7fa5700bf000-7fa5700c0000 ---p 00000000 00:00 0 
7fa5700c0000-7fa5701c0000 rw-p 00000000 00:00 0 
7fa5701c0000-7fa5701c3000 ---p 00000000 00:00 0 
7fa5701c3000-7fa5702c1000 rw-p 00000000 00:00 0 
7fa5702c1000-7fa5702c4000 ---p 00000000 00:00 0 
7fa5702c4000-7fa5703c2000 rw-p 00000000 00:00 0 
7fa5703c2000-7fa5703c5000 ---p 00000000 00:00 0 
7fa5703c5000-7fa5704c3000 rw-p 00000000 00:00 0 
7fa5704c3000-7fa571000000 r--p 00000000 08:06 2236260                    /usr/lib/locale/locale-archive
7fa571000000-7fa5714a0000 rwxp 00000000 00:00 0 
7fa5714a0000-7fa580000000 ---p 00000000 00:00 0 
7fa580000000-7fa5803a3000 rw-p 00000000 00:00 0 
7fa5803a3000-7fa584000000 ---p 00000000 00:00 0 
7fa5840e3000-7fa5840f2000 r--s 000df000 08:06 2249873                    /home/kieuduc/Android/Sdk/build-tools/23.0.3/lib/dx.jar
7fa5840f2000-7fa5840f5000 ---p 00000000 00:00 0 
7fa5840f5000-7fa5841f3000 rw-p 00000000 00:00 0 
7fa5841f3000-7fa5841f6000 ---p 00000000 00:00 0 
7fa5841f6000-7fa5842f4000 rw-p 00000000 00:00 0 
7fa5842f4000-7fa5842f7000 ---p 00000000 00:00 0 
7fa5842f7000-7fa5843f5000 rw-p 00000000 00:00 0 
7fa5843f5000-7fa5843f6000 ---p 00000000 00:00 0 
7fa5843f6000-7fa584e6f000 rw-p 00000000 00:00 0 
7fa584e6f000-7fa585048000 r--s 03d1f000 08:06 2241350                    /usr/lib/jvm/java-8-oracle/jre/lib/rt.jar
7fa585048000-7fa5856fe000 rw-p 00000000 00:00 0 
7fa5856fe000-7fa5858be000 ---p 00000000 00:00 0 
7fa5858be000-7fa585abe000 rw-p 00000000 00:00 0 
7fa585abe000-7fa585abf000 ---p 00000000 00:00 0 
7fa585abf000-7fa585bbf000 rw-p 00000000 00:00 0 
7fa585bbf000-7fa585bc0000 ---p 00000000 00:00 0 
7fa585bc0000-7fa585ce8000 rw-p 00000000 00:00 0 
7fa585ce8000-7fa585e16000 ---p 00000000 00:00 0 
7fa585e16000-7fa585e3e000 rw-p 00000000 00:00 0 
7fa585e3e000-7fa585f6b000 ---p 00000000 00:00 0 
7fa585f6b000-7fa585f8f000 rw-p 00000000 00:00 0 
7fa585f8f000-7fa586016000 ---p 00000000 00:00 0 
7fa586016000-7fa58602a000 rw-p 00000000 00:00 0 
7fa58602a000-7fa5863d7000 ---p 00000000 00:00 0 
7fa5863d7000-7fa5863f1000 r-xp 00000000 08:06 2241235                    /usr/lib/jvm/java-8-oracle/jre/lib/amd64/libzip.so
7fa5863f1000-7fa5865f1000 ---p 0001a000 08:06 2241235                    /usr/lib/jvm/java-8-oracle/jre/lib/amd64/libzip.so
7fa5865f1000-7fa5865f2000 rw-p 0001a000 08:06 2241235                    /usr/lib/jvm/java-8-oracle/jre/lib/amd64/libzip.so
7fa5865f2000-7fa5865fd000 r-xp 00000000 08:06 1053494                    /lib/x86_64-linux-gnu/libnss_files-2.23.so
7fa5865fd000-7fa5867fc000 ---p 0000b000 08:06 1053494                    /lib/x86_64-linux-gnu/libnss_files-2.23.so
7fa5867fc000-7fa5867fd000 r--p 0000a000 08:06 1053494                    /lib/x86_64-linux-gnu/libnss_files-2.23.so
7fa5867fd000-7fa5867fe000 rw-p 0000b000 08:06 1053494                    /lib/x86_64-linux-gnu/libnss_files-2.23.so
7fa5867fe000-7fa586804000 rw-p 00000000 00:00 0 
7fa586804000-7fa58680f000 r-xp 00000000 08:06 1053504                    /lib/x86_64-linux-gnu/libnss_nis-2.23.so
7fa58680f000-7fa586a0e000 ---p 0000b000 08:06 1053504                    /lib/x86_64-linux-gnu/libnss_nis-2.23.so
7fa586a0e000-7fa586a0f000 r--p 0000a000 08:06 1053504                    /lib/x86_64-linux-gnu/libnss_nis-2.23.so
7fa586a0f000-7fa586a10000 rw-p 0000b000 08:06 1053504                    /lib/x86_64-linux-gnu/libnss_nis-2.23.so
7fa586a10000-7fa586a26000 r-xp 00000000 08:06 1053488                    /lib/x86_64-linux-gnu/libnsl-2.23.so
7fa586a26000-7fa586c25000 ---p 00016000 08:06 1053488                    /lib/x86_64-linux-gnu/libnsl-2.23.so
7fa586c25000-7fa586c26000 r--p 00015000 08:06 1053488                    /lib/x86_64-linux-gnu/libnsl-2.23.so
7fa586c26000-7fa586c27000 rw-p 00016000 08:06 1053488                    /lib/x86_64-linux-gnu/libnsl-2.23.so
7fa586c27000-7fa586c29000 rw-p 00000000 00:00 0 
7fa586c29000-7fa586c31000 r-xp 00000000 08:06 1053490                    /lib/x86_64-linux-gnu/libnss_compat-2.23.so
7fa586c31000-7fa586e30000 ---p 00008000 08:06 1053490                    /lib/x86_64-linux-gnu/libnss_compat-2.23.so
7fa586e30000-7fa586e31000 r--p 00007000 08:06 1053490                    /lib/x86_64-linux-gnu/libnss_compat-2.23.so
7fa586e31000-7fa586e32000 rw-p 00008000 08:06 1053490                    /lib/x86_64-linux-gnu/libnss_compat-2.23.so
7fa586e32000-7fa586e5c000 r-xp 00000000 08:06 2241230                    /usr/lib/jvm/java-8-oracle/jre/lib/amd64/libjava.so
7fa586e5c000-7fa58705c000 ---p 0002a000 08:06 2241230                    /usr/lib/jvm/java-8-oracle/jre/lib/amd64/libjava.so
7fa58705c000-7fa58705e000 rw-p 0002a000 08:06 2241230                    /usr/lib/jvm/java-8-oracle/jre/lib/amd64/libjava.so
7fa58705e000-7fa58706b000 r-xp 00000000 08:06 2241234                    /usr/lib/jvm/java-8-oracle/jre/lib/amd64/libverify.so
7fa58706b000-7fa58726b000 ---p 0000d000 08:06 2241234                    /usr/lib/jvm/java-8-oracle/jre/lib/amd64/libverify.so
7fa58726b000-7fa58726d000 rw-p 0000d000 08:06 2241234                    /usr/lib/jvm/java-8-oracle/jre/lib/amd64/libverify.so
7fa58726d000-7fa587274000 r-xp 00000000 08:06 1053549                    /lib/x86_64-linux-gnu/librt-2.23.so
7fa587274000-7fa587473000 ---p 00007000 08:06 1053549                    /lib/x86_64-linux-gnu/librt-2.23.so
7fa587473000-7fa587474000 r--p 00006000 08:06 1053549                    /lib/x86_64-linux-gnu/librt-2.23.so
7fa587474000-7fa587475000 rw-p 00007000 08:06 1053549                    /lib/x86_64-linux-gnu/librt-2.23.so
7fa587475000-7fa58757d000 r-xp 00000000 08:06 1053465                    /lib/x86_64-linux-gnu/libm-2.23.so
7fa58757d000-7fa58777c000 ---p 00108000 08:06 1053465                    /lib/x86_64-linux-gnu/libm-2.23.so
7fa58777c000-7fa58777d000 r--p 00107000 08:06 1053465                    /lib/x86_64-linux-gnu/libm-2.23.so
7fa58777d000-7fa58777e000 rw-p 00108000 08:06 1053465                    /lib/x86_64-linux-gnu/libm-2.23.so
7fa58777e000-7fa58843e000 r-xp 00000000 08:06 2241213                    /usr/lib/jvm/java-8-oracle/jre/lib/amd64/server/libjvm.so
7fa58843e000-7fa58863e000 ---p 00cc0000 08:06 2241213                    /usr/lib/jvm/java-8-oracle/jre/lib/amd64/server/libjvm.so
7fa58863e000-7fa588716000 rw-p 00cc0000 08:06 2241213                    /usr/lib/jvm/java-8-oracle/jre/lib/amd64/server/libjvm.so
7fa588716000-7fa588761000 rw-p 00000000 00:00 0 
7fa588761000-7fa588921000 r-xp 00000000 08:06 1053395                    /lib/x86_64-linux-gnu/libc-2.23.so
7fa588921000-7fa588b20000 ---p 001c0000 08:06 1053395                    /lib/x86_64-linux-gnu/libc-2.23.so
7fa588b20000-7fa588b24000 r--p 001bf000 08:06 1053395                    /lib/x86_64-linux-gnu/libc-2.23.so
7fa588b24000-7fa588b26000 rw-p 001c3000 08:06 1053395                    /lib/x86_64-linux-gnu/libc-2.23.so
7fa588b26000-7fa588b2a000 rw-p 00000000 00:00 0 
7fa588b2a000-7fa588b2d000 r-xp 00000000 08:06 1053419                    /lib/x86_64-linux-gnu/libdl-2.23.so
7fa588b2d000-7fa588d2c000 ---p 00003000 08:06 1053419                    /lib/x86_64-linux-gnu/libdl-2.23.so
7fa588d2c000-7fa588d2d000 r--p 00002000 08:06 1053419                    /lib/x86_64-linux-gnu/libdl-2.23.so
7fa588d2d000-7fa588d2e000 rw-p 00003000 08:06 1053419                    /lib/x86_64-linux-gnu/libdl-2.23.so
7fa588d2e000-7fa588d43000 r-xp 00000000 08:06 2241099                    /usr/lib/jvm/java-8-oracle/lib/amd64/jli/libjli.so
7fa588d43000-7fa588f43000 ---p 00015000 08:06 2241099                    /usr/lib/jvm/java-8-oracle/lib/amd64/jli/libjli.so
7fa588f43000-7fa588f44000 rw-p 00015000 08:06 2241099                    /usr/lib/jvm/java-8-oracle/lib/amd64/jli/libjli.so
7fa588f44000-7fa588f5c000 r-xp 00000000 08:06 1053541                    /lib/x86_64-linux-gnu/libpthread-2.23.so
7fa588f5c000-7fa58915b000 ---p 00018000 08:06 1053541                    /lib/x86_64-linux-gnu/libpthread-2.23.so
7fa58915b000-7fa58915c000 r--p 00017000 08:06 1053541                    /lib/x86_64-linux-gnu/libpthread-2.23.so
7fa58915c000-7fa58915d000 rw-p 00018000 08:06 1053541                    /lib/x86_64-linux-gnu/libpthread-2.23.so
7fa58915d000-7fa589161000 rw-p 00000000 00:00 0 
7fa589161000-7fa589187000 r-xp 00000000 08:06 1053367                    /lib/x86_64-linux-gnu/ld-2.23.so
7fa58918e000-7fa589267000 rw-p 00000000 00:00 0 
7fa589267000-7fa58926a000 ---p 00000000 00:00 0 
7fa58926a000-7fa58936c000 rw-p 00000000 00:00 0 
7fa58937a000-7fa589382000 rw-s 00000000 08:06 2890529                    /tmp/hsperfdata_kieuduc/26512
7fa589382000-7fa589383000 rw-p 00000000 00:00 0 
7fa589383000-7fa589384000 ---p 00000000 00:00 0 
7fa589384000-7fa589386000 rw-p 00000000 00:00 0 
7fa589386000-7fa589387000 r--p 00025000 08:06 1053367                    /lib/x86_64-linux-gnu/ld-2.23.so
7fa589387000-7fa589388000 rw-p 00026000 08:06 1053367                    /lib/x86_64-linux-gnu/ld-2.23.so
7fa589388000-7fa589389000 rw-p 00000000 00:00 0 
7ffff18a3000-7ffff18c5000 rw-p 00000000 00:00 0                          [stack]
7ffff19c1000-7ffff19c3000 r--p 00000000 00:00 0                          [vvar]
7ffff19c3000-7ffff19c5000 r-xp 00000000 00:00 0                          [vdso]
ffffffffff600000-ffffffffff601000 r-xp 00000000 00:00 0                  [vsyscall]

VM Arguments:
jvm_args: -Djava.awt.headless=true -Xmx1024M -Dfile.encoding=UTF-8 -Duser.country=US -Duser.language=en -Duser.variant 
java_command: com.android.dx.command.Main --dex --force-jumbo --num-threads=4 --multi-dex --output /home/kieuduc/Dropbox/SourceCode_Training/PhysicianRegistration/app/build/intermediates/transforms/dex/debug/folders/1000/5/slice_0 /home/kieuduc/Dropbox/SourceCode_Training/PhysicianRegistration/app/build/intermediates/transforms/instantRunSlicer/debug/folders/1/5/slice_0
java_class_path (initial): /home/kieuduc/Android/Sdk/build-tools/23.0.3/lib/dx.jar
Launcher Type: SUN_STANDARD

Environment Variables:
PATH=/home/kieuduc/bin:/usr/local/sbin:/usr/local/bin:/usr/sbin:/usr/bin:/sbin:/bin:/usr/games:/usr/local/games:/snap/bin
LD_LIBRARY_PATH=.:
SHELL=/bin/bash
DISPLAY=:0

Signal Handlers:
SIGSEGV: [libjvm.so+0xabca10], sa_mask[0]=11111111011111111101111111111110, sa_flags=SA_RESTART|SA_SIGINFO
SIGBUS: [libjvm.so+0xabca10], sa_mask[0]=11111111011111111101111111111110, sa_flags=SA_RESTART|SA_SIGINFO
SIGFPE: [libjvm.so+0x919a20], sa_mask[0]=11111111011111111101111111111110, sa_flags=SA_RESTART|SA_SIGINFO
SIGPIPE: [libjvm.so+0x919a20], sa_mask[0]=11111111011111111101111111111110, sa_flags=SA_RESTART|SA_SIGINFO
SIGXFSZ: [libjvm.so+0x919a20], sa_mask[0]=11111111011111111101111111111110, sa_flags=SA_RESTART|SA_SIGINFO
SIGILL: [libjvm.so+0x919a20], sa_mask[0]=11111111011111111101111111111110, sa_flags=SA_RESTART|SA_SIGINFO
SIGUSR1: SIG_DFL, sa_mask[0]=00000000000000000000000000000000, sa_flags=none
SIGUSR2: [libjvm.so+0x91b050], sa_mask[0]=00100000000000000000000000000000, sa_flags=SA_RESTART|SA_SIGINFO
SIGHUP: [libjvm.so+0x91c450], sa_mask[0]=11111111011111111101111111111110, sa_flags=SA_RESTART|SA_SIGINFO
SIGINT: [libjvm.so+0x91c450], sa_mask[0]=11111111011111111101111111111110, sa_flags=SA_RESTART|SA_SIGINFO
SIGTERM: [libjvm.so+0x91c450], sa_mask[0]=11111111011111111101111111111110, sa_flags=SA_RESTART|SA_SIGINFO
SIGQUIT: [libjvm.so+0x91c450], sa_mask[0]=11111111011111111101111111111110, sa_flags=SA_RESTART|SA_SIGINFO


---------------  S Y S T E M  ---------------

OS:DISTRIB_ID=Ubuntu
DISTRIB_RELEASE=16.04
DISTRIB_CODENAME=xenial
DISTRIB_DESCRIPTION="Ubuntu 16.04 LTS"

uname:Linux 4.4.0-28-generic #47-Ubuntu SMP Fri Jun 24 10:09:13 UTC 2016 x86_64
libc:glibc 2.23 NPTL 2.23 
rlimit: STACK 8192k, CORE 0k, NPROC 30548, NOFILE 65536, AS infinity
load average:5,07 4,16 3,29

/proc/meminfo:
MemTotal:        7858920 kB
MemFree:          123528 kB
MemAvailable:      45072 kB
Buffers:            1792 kB
Cached:           811944 kB
SwapCached:        14828 kB
Active:          5263276 kB
Inactive:        1179540 kB
Active(anon):    5239140 kB
Inactive(anon):  1153724 kB
Active(file):      24136 kB
Inactive(file):    25816 kB
Unevictable:         384 kB
Mlocked:             384 kB
SwapTotal:        999420 kB
SwapFree:              0 kB
Dirty:               460 kB
Writeback:             0 kB
AnonPages:       5615140 kB
Mapped:          1426120 kB
Shmem:            763460 kB
Slab:             112748 kB
SReclaimable:      62028 kB
SUnreclaim:        50720 kB
KernelStack:       13312 kB
PageTables:        63356 kB
NFS_Unstable:          0 kB
Bounce:                0 kB
WritebackTmp:          0 kB
CommitLimit:     4928880 kB
Committed_AS:   13731492 kB
VmallocTotal:   34359738367 kB
VmallocUsed:           0 kB
VmallocChunk:          0 kB
HardwareCorrupted:     0 kB
AnonHugePages:   2725888 kB
CmaTotal:              0 kB
CmaFree:               0 kB
HugePages_Total:       0
HugePages_Free:        0
HugePages_Rsvd:        0
HugePages_Surp:        0
Hugepagesize:       2048 kB
DirectMap4k:      410992 kB
DirectMap2M:     7657472 kB


CPU:total 2 (2 cores per cpu, 1 threads per core) family 6 model 42 stepping 7, cmov, cx8, fxsr, mmx, sse, sse2, sse3, ssse3, sse4.1, sse4.2, popcnt, clmul, tsc, tscinvbit

/proc/cpuinfo:
processor	: 0
vendor_id	: GenuineIntel
cpu family	: 6
model		: 42
model name	: Intel(R) Celeron(R) CPU G540 @ 2.50GHz
stepping	: 7
microcode	: 0x28
cpu MHz		: 1713.281
cache size	: 2048 KB
physical id	: 0
siblings	: 2
core id		: 0
cpu cores	: 2
apicid		: 0
initial apicid	: 0
fpu		: yes
fpu_exception	: yes
cpuid level	: 13
wp		: yes
flags		: fpu vme de pse tsc msr pae mce cx8 apic sep mtrr pge mca cmov pat pse36 clflush dts acpi mmx fxsr sse sse2 ss ht tm pbe syscall nx rdtscp lm constant_tsc arch_perfmon pebs bts rep_good nopl xtopology nonstop_tsc aperfmperf eagerfpu pni pclmulqdq dtes64 monitor ds_cpl vmx est tm2 ssse3 cx16 xtpr pdcm pcid sse4_1 sse4_2 popcnt tsc_deadline_timer xsave lahf_lm epb tpr_shadow vnmi flexpriority ept vpid xsaveopt dtherm arat pln pts
bugs		:
bogomips	: 5000.47
clflush size	: 64
cache_alignment	: 64
address sizes	: 36 bits physical, 48 bits virtual
power management:

processor	: 1
vendor_id	: GenuineIntel
cpu family	: 6
model		: 42
model name	: Intel(R) Celeron(R) CPU G540 @ 2.50GHz
stepping	: 7
microcode	: 0x28
cpu MHz		: 1733.496
cache size	: 2048 KB
physical id	: 0
siblings	: 2
core id		: 1
cpu cores	: 2
apicid		: 2
initial apicid	: 2
fpu		: yes
fpu_exception	: yes
cpuid level	: 13
wp		: yes
flags		: fpu vme de pse tsc msr pae mce cx8 apic sep mtrr pge mca cmov pat pse36 clflush dts acpi mmx fxsr sse sse2 ss ht tm pbe syscall nx rdtscp lm constant_tsc arch_perfmon pebs bts rep_good nopl xtopology nonstop_tsc aperfmperf eagerfpu pni pclmulqdq dtes64 monitor ds_cpl vmx est tm2 ssse3 cx16 xtpr pdcm pcid sse4_1 sse4_2 popcnt tsc_deadline_timer xsave lahf_lm epb tpr_shadow vnmi flexpriority ept vpid xsaveopt dtherm arat pln pts
bugs		:
bogomips	: 5000.47
clflush size	: 64
cache_alignment	: 64
address sizes	: 36 bits physical, 48 bits virtual
power management:



Memory: 4k page, physical 7858920k(123404k free), swap 999420k(0k free)

vm_info: Java HotSpot(TM) 64-Bit Server VM (25.91-b14) for linux-amd64 JRE (1.8.0_91-b14), built on Apr  1 2016 00:57:21 by "java_re" with gcc 4.3.0 20080428 (Red Hat 4.3.0-8)

time: Mon Jul 11 08:55:23 2016
elapsed time: 13 seconds (0d 0h 0m 13s)

